[15:15:27] [main/ERROR]: No key layers in MapLike[{}]; No key structures in MapLike[{}]; Not a registry ops
[15:15:27] [main/INFO]: Environment: authHost='https://authserver.mojang.com', accountsHost='https://api.mojang.com', sessionHost='https://sessionserver.mojang.com', servicesHost='https://api.minecraftservices.com', name='PROD'
[15:15:27] [main/INFO]: Reloading ResourceManager: Default, bukkit
[15:15:28] [Worker-Main-4/INFO]: Loaded 7 recipes
[15:15:30] [Server thread/INFO]: Starting minecraft server version 1.16.5
[15:15:30] [Server thread/INFO]: Loading properties
[15:15:31] [Server thread/INFO]: This server is running CraftBukkit version 2991-Spigot-018b9a0-f3f3094 (MC: 1.16.5) (Implementing API version 1.16.5-R0.1-SNAPSHOT)
[15:15:31] [Server thread/INFO]: Debug logging is disabled
[15:15:31] [Server thread/INFO]: Server Ping Player Sample Count: 12
[15:15:31] [Server thread/INFO]: Using 4 threads for Netty based IO
[15:15:31] [Server thread/INFO]: Default game type: SURVIVAL
[15:15:31] [Server thread/INFO]: Generating keypair
[15:15:31] [Server thread/INFO]: Starting Minecraft server on 192.168.0.10:25565
[15:15:31] [Server thread/INFO]: Using default channel type
[15:15:36] [Server thread/INFO]: [Geyser-Spigot] Loading Geyser-Spigot v1.2.0-SNAPSHOT
[15:15:36] [Server thread/INFO]: [PowerRanks] Loading PowerRanks v1.9.8
[15:15:36] [Server thread/INFO]: [DeathMessages] Loading DeathMessages v1.1.8
[15:15:36] [Server thread/INFO]: [PowerRanks] Enabling PowerRanks v1.9.8
[15:15:36] [Server thread/INFO]: [PowerRanks] Checking for updates...
[15:15:36] [Server thread/INFO]: [PowerRanks] 
[15:15:36] [Server thread/INFO]: [PowerRanks] === ----------- LOADING DATA ----------- ===
[15:15:36] [Server thread/INFO]: [PowerRanks] Loading config
[15:15:36] [Server thread/INFO]: [PowerRanks] Loading player data
[15:15:37] [Server thread/INFO]: [PowerRanks] Loading rank data
[15:15:37] [Server thread/INFO]: [PowerRanks] 
[15:15:37] [Server thread/INFO]: [PowerRanks] === ------- LOADING PLUGIN HOOKS ------- ===
[15:15:37] [Server thread/INFO]: [PowerRanks] Checking for plugins to hook in to:
[15:15:37] [Server thread/INFO]: [PowerRanks] No other plugins found! Working stand-alone.
[15:15:37] [Server thread/INFO]: [PowerRanks] 
[15:15:37] [Server thread/INFO]: [PowerRanks] === ---------- LOADING ADDONS ---------- ===
[15:15:37] [Server thread/INFO]: [PowerRanks] Loaded 0 add-on(s)!
[15:15:37] [Server thread/INFO]: [PowerRanks] 
[15:15:37] [Server thread/INFO]: [PowerRanks] §b  ??????? ???????§a  PowerRanks v1.9.8
[15:15:37] [Server thread/INFO]: [PowerRanks] §b  ???????????????§a? Running on Spigot v018b9a0
[15:15:37] [Server thread/INFO]: [PowerRanks] §b  ???????????????§a? Startup time: 903ms
[15:15:37] [Server thread/INFO]: [PowerRanks] §b  ??????? ???????§a? No update available
[15:15:37] [Server thread/INFO]: [PowerRanks] §b  ???     ???  ??§c? 
[15:15:37] [Server thread/INFO]: [PowerRanks] 
[15:15:37] [Server thread/INFO]: [PowerRanks] If you'd like to donate, please visit https://ko-fi.com/svenar or https://patreon.com/svenar
[15:15:37] [Server thread/INFO]: Preparing level "Gay"
[15:15:37] [Server thread/INFO]: -------- World Settings For [Gay] --------
[15:15:37] [Server thread/INFO]: Allow Zombie Pigmen to spawn from portal blocks: true
[15:15:37] [Server thread/INFO]: Entity Tracking Range: Pl 48 / An 48 / Mo 48 / Mi 32 / Other 64
[15:15:37] [Server thread/INFO]: Item Despawn Rate: 6000
[15:15:37] [Server thread/INFO]: Item Merge Radius: 2.5
[15:15:37] [Server thread/INFO]: View Distance: 10
[15:15:37] [Server thread/INFO]: Zombie Aggressive Towards Villager: true
[15:15:37] [Server thread/INFO]: Arrow Despawn Rate: 1200 Trident Respawn Rate:1200
[15:15:37] [Server thread/INFO]: Nerfing mobs spawned from spawners: false
[15:15:37] [Server thread/INFO]: Custom Map Seeds:  Village: 10387312 Desert: 14357617 Igloo: 14357618 Jungle: 14357619 Swamp: 14357620 Monument: 10387313 Ocean: 14357621 Shipwreck: 165745295 End City: 10387313 Slime: 987234911 Bastion: 30084232 Fortress: 30084232 Mansion: 10387319 Fossil: 14357921 Portal: 34222645
[15:15:37] [Server thread/INFO]: Experience Merge Radius: 3.0
[15:15:37] [Server thread/INFO]: Hopper Transfer: 8 Hopper Check: 1 Hopper Amount: 1
[15:15:37] [Server thread/INFO]: Entity Activation Range: An 32 / Mo 32 / Ra 48 / Mi 16 / Tiv true
[15:15:37] [Server thread/INFO]: Cactus Growth Modifier: 100%
[15:15:37] [Server thread/INFO]: Cane Growth Modifier: 100%
[15:15:37] [Server thread/INFO]: Melon Growth Modifier: 100%
[15:15:37] [Server thread/INFO]: Mushroom Growth Modifier: 100%
[15:15:37] [Server thread/INFO]: Pumpkin Growth Modifier: 100%
[15:15:37] [Server thread/INFO]: Sapling Growth Modifier: 100%
[15:15:37] [Server thread/INFO]: Beetroot Growth Modifier: 100%
[15:15:37] [Server thread/INFO]: Carrot Growth Modifier: 100%
[15:15:37] [Server thread/INFO]: Potato Growth Modifier: 100%
[15:15:37] [Server thread/INFO]: Wheat Growth Modifier: 100%
[15:15:37] [Server thread/INFO]: NetherWart Growth Modifier: 100%
[15:15:37] [Server thread/INFO]: Vine Growth Modifier: 100%
[15:15:37] [Server thread/INFO]: Cocoa Growth Modifier: 100%
[15:15:37] [Server thread/INFO]: Bamboo Growth Modifier: 100%
[15:15:37] [Server thread/INFO]: SweetBerry Growth Modifier: 100%
[15:15:37] [Server thread/INFO]: Kelp Growth Modifier: 100%
[15:15:37] [Server thread/INFO]: Mob Spawn Range: 6
[15:15:37] [Server thread/INFO]: Max TNT Explosions: 100
[15:15:37] [Server thread/INFO]: Tile Max Tick Time: 50ms Entity max Tick Time: 50ms
[15:15:37] [Server thread/INFO]: -------- World Settings For [Gay_nether] --------
[15:15:37] [Server thread/INFO]: Allow Zombie Pigmen to spawn from portal blocks: true
[15:15:37] [Server thread/INFO]: Entity Tracking Range: Pl 48 / An 48 / Mo 48 / Mi 32 / Other 64
[15:15:37] [Server thread/INFO]: Item Despawn Rate: 6000
[15:15:37] [Server thread/INFO]: Item Merge Radius: 2.5
[15:15:37] [Server thread/INFO]: View Distance: 10
[15:15:37] [Server thread/INFO]: Zombie Aggressive Towards Villager: true
[15:15:37] [Server thread/INFO]: Arrow Despawn Rate: 1200 Trident Respawn Rate:1200
[15:15:37] [Server thread/INFO]: Nerfing mobs spawned from spawners: false
[15:15:37] [Server thread/INFO]: Custom Map Seeds:  Village: 10387312 Desert: 14357617 Igloo: 14357618 Jungle: 14357619 Swamp: 14357620 Monument: 10387313 Ocean: 14357621 Shipwreck: 165745295 End City: 10387313 Slime: 987234911 Bastion: 30084232 Fortress: 30084232 Mansion: 10387319 Fossil: 14357921 Portal: 34222645
[15:15:37] [Server thread/INFO]: Experience Merge Radius: 3.0
[15:15:37] [Server thread/INFO]: Hopper Transfer: 8 Hopper Check: 1 Hopper Amount: 1
[15:15:37] [Server thread/INFO]: Entity Activation Range: An 32 / Mo 32 / Ra 48 / Mi 16 / Tiv true
[15:15:37] [Server thread/INFO]: Cactus Growth Modifier: 100%
[15:15:37] [Server thread/INFO]: Cane Growth Modifier: 100%
[15:15:37] [Server thread/INFO]: Melon Growth Modifier: 100%
[15:15:37] [Server thread/INFO]: Mushroom Growth Modifier: 100%
[15:15:37] [Server thread/INFO]: Pumpkin Growth Modifier: 100%
[15:15:37] [Server thread/INFO]: Sapling Growth Modifier: 100%
[15:15:37] [Server thread/INFO]: Beetroot Growth Modifier: 100%
[15:15:37] [Server thread/INFO]: Carrot Growth Modifier: 100%
[15:15:37] [Server thread/INFO]: Potato Growth Modifier: 100%
[15:15:37] [Server thread/INFO]: Wheat Growth Modifier: 100%
[15:15:37] [Server thread/INFO]: NetherWart Growth Modifier: 100%
[15:15:37] [Server thread/INFO]: Vine Growth Modifier: 100%
[15:15:37] [Server thread/INFO]: Cocoa Growth Modifier: 100%
[15:15:37] [Server thread/INFO]: Bamboo Growth Modifier: 100%
[15:15:37] [Server thread/INFO]: SweetBerry Growth Modifier: 100%
[15:15:37] [Server thread/INFO]: Kelp Growth Modifier: 100%
[15:15:37] [Server thread/INFO]: Mob Spawn Range: 6
[15:15:37] [Server thread/INFO]: Max TNT Explosions: 100
[15:15:37] [Server thread/INFO]: Tile Max Tick Time: 50ms Entity max Tick Time: 50ms
[15:15:37] [Server thread/INFO]: -------- World Settings For [Gay_the_end] --------
[15:15:37] [Server thread/INFO]: Allow Zombie Pigmen to spawn from portal blocks: true
[15:15:37] [Server thread/INFO]: Entity Tracking Range: Pl 48 / An 48 / Mo 48 / Mi 32 / Other 64
[15:15:37] [Server thread/INFO]: Item Despawn Rate: 6000
[15:15:37] [Server thread/INFO]: Item Merge Radius: 2.5
[15:15:37] [Server thread/INFO]: View Distance: 10
[15:15:37] [Server thread/INFO]: Zombie Aggressive Towards Villager: true
[15:15:37] [Server thread/INFO]: Arrow Despawn Rate: 1200 Trident Respawn Rate:1200
[15:15:37] [Server thread/INFO]: Nerfing mobs spawned from spawners: false
[15:15:37] [Server thread/INFO]: Custom Map Seeds:  Village: 10387312 Desert: 14357617 Igloo: 14357618 Jungle: 14357619 Swamp: 14357620 Monument: 10387313 Ocean: 14357621 Shipwreck: 165745295 End City: 10387313 Slime: 987234911 Bastion: 30084232 Fortress: 30084232 Mansion: 10387319 Fossil: 14357921 Portal: 34222645
[15:15:37] [Server thread/INFO]: Experience Merge Radius: 3.0
[15:15:37] [Server thread/INFO]: Hopper Transfer: 8 Hopper Check: 1 Hopper Amount: 1
[15:15:37] [Server thread/INFO]: Entity Activation Range: An 32 / Mo 32 / Ra 48 / Mi 16 / Tiv true
[15:15:37] [Server thread/INFO]: Cactus Growth Modifier: 100%
[15:15:37] [Server thread/INFO]: Cane Growth Modifier: 100%
[15:15:37] [Server thread/INFO]: Melon Growth Modifier: 100%
[15:15:37] [Server thread/INFO]: Mushroom Growth Modifier: 100%
[15:15:37] [Server thread/INFO]: Pumpkin Growth Modifier: 100%
[15:15:37] [Server thread/INFO]: Sapling Growth Modifier: 100%
[15:15:37] [Server thread/INFO]: Beetroot Growth Modifier: 100%
[15:15:37] [Server thread/INFO]: Carrot Growth Modifier: 100%
[15:15:37] [Server thread/INFO]: Potato Growth Modifier: 100%
[15:15:37] [Server thread/INFO]: Wheat Growth Modifier: 100%
[15:15:37] [Server thread/INFO]: NetherWart Growth Modifier: 100%
[15:15:37] [Server thread/INFO]: Vine Growth Modifier: 100%
[15:15:37] [Server thread/INFO]: Cocoa Growth Modifier: 100%
[15:15:37] [Server thread/INFO]: Bamboo Growth Modifier: 100%
[15:15:37] [Server thread/INFO]: SweetBerry Growth Modifier: 100%
[15:15:37] [Server thread/INFO]: Kelp Growth Modifier: 100%
[15:15:37] [Server thread/INFO]: Mob Spawn Range: 6
[15:15:37] [Server thread/INFO]: Max TNT Explosions: 100
[15:15:37] [Server thread/INFO]: Tile Max Tick Time: 50ms Entity max Tick Time: 50ms
[15:15:37] [Server thread/INFO]: Preparing start region for dimension minecraft:overworld
[15:15:38] [Server thread/INFO]: Preparing spawn area: 0%
[15:15:38] [Server thread/INFO]: Preparing spawn area: 0%
[15:15:38] [Server thread/INFO]: Preparing spawn area: 0%
[15:15:38] [Server thread/INFO]: Time elapsed: 1473 ms
[15:15:38] [Server thread/INFO]: Preparing start region for dimension minecraft:the_nether
[15:15:39] [Server thread/INFO]: Preparing spawn area: 0%
[15:15:39] [Server thread/INFO]: Preparing spawn area: 0%
[15:15:39] [Server thread/INFO]: Preparing spawn area: 0%
[15:15:40] [Worker-Main-5/INFO]: Preparing spawn area: 83%
[15:15:40] [Worker-Main-8/INFO]: Preparing spawn area: 83%
[15:15:41] [Worker-Main-5/INFO]: Preparing spawn area: 83%
[15:15:41] [Worker-Main-7/INFO]: Preparing spawn area: 83%
[15:15:42] [Worker-Main-8/INFO]: Preparing spawn area: 83%
[15:15:42] [Worker-Main-7/INFO]: Preparing spawn area: 83%
[15:15:43] [Worker-Main-5/INFO]: Preparing spawn area: 83%
[15:15:43] [Worker-Main-5/INFO]: Preparing spawn area: 83%
[15:15:44] [Worker-Main-8/INFO]: Preparing spawn area: 83%
[15:15:44] [Worker-Main-7/INFO]: Preparing spawn area: 83%
[15:15:45] [Worker-Main-5/INFO]: Preparing spawn area: 94%
[15:15:45] [Server thread/INFO]: Time elapsed: 6983 ms
[15:15:45] [Server thread/INFO]: Preparing start region for dimension minecraft:the_end
[15:15:46] [Server thread/INFO]: Preparing spawn area: 0%
[15:15:46] [Worker-Main-8/INFO]: Preparing spawn area: 83%
[15:15:46] [Worker-Main-8/INFO]: Preparing spawn area: 83%
[15:15:47] [Server thread/INFO]: Time elapsed: 1369 ms
[15:15:47] [Server thread/INFO]: [Geyser-Spigot] Enabling Geyser-Spigot v1.2.0-SNAPSHOT
[15:15:47] [Server thread/INFO]: [Geyser-Spigot] ******************************************
[15:15:47] [Server thread/INFO]: [Geyser-Spigot] 
[15:15:47] [Server thread/INFO]: [Geyser-Spigot] Loading Geyser version 1.2.0-SNAPSHOT (git-master-88d4903)
[15:15:47] [Server thread/INFO]: [Geyser-Spigot] 
[15:15:47] [Server thread/INFO]: [Geyser-Spigot] ******************************************
[15:15:52] [Network Listener - #1/INFO]: [Geyser-Spigot] Started Geyser on 0.0.0.0:19132
[15:15:52] [Server thread/INFO]: [Geyser-Spigot] Done (4.524s)! Run /geyser help for help!
[15:15:52] [Server thread/INFO]: [DeathMessages] Enabling DeathMessages v1.1.8
[15:15:52] [Server thread/INFO]: [DeathMessages] Partnered with Sparked Host
[15:15:52] [Server thread/INFO]: [DeathMessages] Grab a server today with the code `Josh` for 15% off @ https://sparkedhost.com
[15:15:52] [Server thread/ERROR]: [DeathMessages] You enabled the WorldGuard hook in your settings.yml with WorldGuard not installed! Please disable!
[15:15:52] [Server thread/INFO]: Server permissions file permissions.yml is empty, ignoring it
[15:15:52] [Server thread/INFO]: Done (15.389s)! For help, type "help"
[15:16:37] [User Authenticator #1/INFO]: UUID of player 398utubzyt is 4ce8720c-f7a0-4044-b1d7-e908ebe00c1c
[15:16:38] [Server thread/INFO]: 398utubzyt[/192.168.0.10:49902] logged in with entity id 9 at ([Gay]-126.26439107146842, 4.0, 100.12237104689201)
[15:16:54] [Async Chat Thread - #0/INFO]: [0;33;22m[[0;33;1mJaiden[0;33;22m] [0;33;1m398utubzyt[m: [0;37;1mhello[m
[15:17:13] [Server thread/INFO]: 398utubzyt issued server command: /pr setrank 398utubzyt Eediot
[15:17:29] [Server thread/INFO]: 398utubzyt issued server command: /pr setrank 398utubzyt Vamp
[15:17:34] [Server thread/INFO]: 398utubzyt issued server command: /pr setrank 398utubzyt Eediot
[15:17:37] [Server thread/INFO]: 398utubzyt issued server command: /pr setrank 398utubzyt Jaiden
[15:18:22] [Server thread/INFO]: 398utubzyt lost connection: Disconnected
[15:18:22] [Server thread/INFO]: 398utubzyt left the game
[15:18:30] [Server thread/INFO]: Stopping the server
[15:18:30] [Server thread/INFO]: Stopping server
[15:18:30] [Server thread/INFO]: [DeathMessages] Disabling DeathMessages v1.1.8
[15:18:30] [Server thread/INFO]: [PowerRanks] Disabling PowerRanks v1.9.8
[15:18:30] [Server thread/INFO]: [PowerRanks] Disabled PowerRanks v1.9.8
[15:18:30] [Server thread/INFO]: [Geyser-Spigot] Disabling Geyser-Spigot v1.2.0-SNAPSHOT
[15:18:30] [Server thread/INFO]: [Geyser-Spigot] Shutting down Geyser.
[15:18:30] [Server thread/INFO]: [Geyser-Spigot] Geyser shutdown successfully.
[15:18:30] [Server thread/INFO]: Saving players
[15:18:30] [Server thread/INFO]: Saving worlds
[15:18:30] [Server thread/INFO]: Saving chunks for level 'ServerLevel[Gay]'/minecraft:overworld
[15:18:31] [Server thread/INFO]: ThreadedAnvilChunkStorage (Gay): All chunks are saved
[15:18:31] [Server thread/INFO]: Saving chunks for level 'ServerLevel[Gay_nether]'/minecraft:the_nether
[15:18:32] [Server thread/INFO]: ThreadedAnvilChunkStorage (DIM-1): All chunks are saved
[15:18:32] [Server thread/INFO]: Saving chunks for level 'ServerLevel[Gay_the_end]'/minecraft:the_end
[15:18:32] [Server thread/INFO]: ThreadedAnvilChunkStorage (DIM1): All chunks are saved
[15:18:32] [Server thread/INFO]: ThreadedAnvilChunkStorage (Gay): All chunks are saved
[15:18:32] [Server thread/INFO]: ThreadedAnvilChunkStorage (DIM-1): All chunks are saved
[15:18:32] [Server thread/INFO]: ThreadedAnvilChunkStorage (DIM1): All chunks are saved
